<?xml version="1.0" encoding="UTF-8"?>
<robot generator="Robot 4.0.3 (Python 3.9.5 on win32)" generated="20210614 23:19:06.875" rpa="false" schemaversion="2">
<suite id="s1" name="Header" source="C:\Users\sor_f\Desktop\automation\desktop_test\youtube\header.robot">
<test id="s1-t1" name="changeTheme">
<kw name="Open Youtube" library="youtube">
<doc>Open youtube on the browser then maximize the window</doc>
<kw name="Open Browser" library="Selenium2Library">
<arg>${URL}</arg>
<arg>${Browser}</arg>
<doc>Opens a new browser instance to the optional ``url``.</doc>
<msg timestamp="20210614 23:19:07.081" level="INFO">Opening browser 'chrome' to base url 'https://www.youtube.com/'.</msg>
<status status="PASS" starttime="20210614 23:19:07.081" endtime="20210614 23:19:10.019"/>
</kw>
<kw name="Maximize Browser Window" library="Selenium2Library">
<doc>Maximizes current browser window.</doc>
<status status="PASS" starttime="20210614 23:19:10.020" endtime="20210614 23:19:10.277"/>
</kw>
<kw name="Wait Until Element Is Visible" library="Selenium2Library">
<arg>${header}</arg>
<doc>Waits until the element ``locator`` is visible.</doc>
<status status="PASS" starttime="20210614 23:19:10.278" endtime="20210614 23:19:10.403"/>
</kw>
<status status="PASS" starttime="20210614 23:19:07.080" endtime="20210614 23:19:10.403"/>
</kw>
<kw name="Click Settings Button" library="youtube">
<doc>Clicks the "settings" button on the header</doc>
<kw name="Wait Until Element Is Visible" library="Selenium2Library">
<arg>${header_settingsButton}</arg>
<doc>Waits until the element ``locator`` is visible.</doc>
<status status="PASS" starttime="20210614 23:19:10.404" endtime="20210614 23:19:10.491"/>
</kw>
<kw name="Click Element" library="Selenium2Library">
<arg>${header_settingsButton}</arg>
<doc>Click the element identified by ``locator``.</doc>
<msg timestamp="20210614 23:19:10.492" level="INFO">Clicking element 'xpath=(//a[contains(@class, 'ytd-topbar-menu-button-renderer')])[2]'.</msg>
<status status="PASS" starttime="20210614 23:19:10.491" endtime="20210614 23:19:10.629"/>
</kw>
<kw name="Wait Until Element Is Visible" library="Selenium2Library">
<arg>${settings_apparenceButton}</arg>
<doc>Waits until the element ``locator`` is visible.</doc>
<status status="PASS" starttime="20210614 23:19:10.629" endtime="20210614 23:19:10.979"/>
</kw>
<status status="PASS" starttime="20210614 23:19:10.404" endtime="20210614 23:19:10.979"/>
</kw>
<kw name="Change Theme Color" library="youtube">
<doc>Change the main color of the theme</doc>
<kw name="Wait Until Element Is Visible" library="Selenium2Library">
<arg>${settings_apparenceButton}</arg>
<doc>Waits until the element ``locator`` is visible.</doc>
<status status="PASS" starttime="20210614 23:19:10.980" endtime="20210614 23:19:10.995"/>
</kw>
<kw name="Click Element" library="Selenium2Library">
<arg>${settings_apparenceButton}</arg>
<doc>Click the element identified by ``locator``.</doc>
<msg timestamp="20210614 23:19:10.996" level="INFO">Clicking element 'xpath=//ytd-toggle-theme-compact-link-renderer'.</msg>
<status status="PASS" starttime="20210614 23:19:10.995" endtime="20210614 23:19:11.050"/>
</kw>
<kw name="Wait Until Element Is Visible" library="Selenium2Library">
<arg>${settings_apparence_darkThemeButton}</arg>
<doc>Waits until the element ``locator`` is visible.</doc>
<status status="PASS" starttime="20210614 23:19:11.050" endtime="20210614 23:19:11.079"/>
</kw>
<kw name="Click Element" library="Selenium2Library">
<arg>${settings_apparence_darkThemeButton}</arg>
<doc>Click the element identified by ``locator``.</doc>
<msg timestamp="20210614 23:19:11.080" level="INFO">Clicking element 'xpath=(//div[contains(@id, 'primary-text-container')])[11]'.</msg>
<status status="PASS" starttime="20210614 23:19:11.079" endtime="20210614 23:19:11.204"/>
</kw>
<kw name="Sleep" library="BuiltIn">
<arg>2s</arg>
<doc>Pauses the test executed for the given time.</doc>
<msg timestamp="20210614 23:19:13.209" level="INFO">Slept 2 seconds</msg>
<status status="PASS" starttime="20210614 23:19:11.204" endtime="20210614 23:19:13.209"/>
</kw>
<status status="PASS" starttime="20210614 23:19:10.979" endtime="20210614 23:19:13.209"/>
</kw>
<kw name="Close Browser" library="Selenium2Library">
<doc>Closes the current browser.</doc>
<status status="PASS" starttime="20210614 23:19:13.209" endtime="20210614 23:19:15.381"/>
</kw>
<doc>Change the theme color</doc>
<status status="PASS" starttime="20210614 23:19:07.080" endtime="20210614 23:19:15.381"/>
</test>
<status status="PASS" starttime="20210614 23:19:06.877" endtime="20210614 23:19:15.383"/>
</suite>
<statistics>
<total>
<stat pass="1" fail="0" skip="0">All Tests</stat>
</total>
<tag>
</tag>
<suite>
<stat pass="1" fail="0" skip="0" id="s1" name="Header">Header</stat>
</suite>
</statistics>
<errors>
</errors>
</robot>
